<?xml version="1.0" encoding="UTF-8"?>
<!-- Generated by org.testng.reporters.JUnitReportReporter -->
<testsuite skipped="0" hostname="Dell-PC" name="testngPractice.testngPractTest" tests="1" failures="0" timestamp="2020-12-22T17:09:18 IST" time="1.163" errors="0">
  <testcase name="verifyTitle" time="1.163" classname="testngPractice.testngPractTest"/>
  <system-out/>
</testsuite> <!-- testngPractice.testngPractTest -->
